[0.017s] Invoking command in '/home/kim/ros2_ws/src/build/micro_ros_msgs': CMAKE_PREFIX_PATH=/opt/ros/humble /usr/bin/cmake /home/kim/ros2_ws/src/uros/micro_ros_msgs -DAMENT_CMAKE_SYMLINK_INSTALL=1 -DCMAKE_INSTALL_PREFIX=/home/kim/ros2_ws/src/install/micro_ros_msgs
[0.153s] -- The C compiler identification is GNU 11.4.0
[0.253s] -- The CXX compiler identification is GNU 11.4.0
[0.266s] -- Detecting C compiler ABI info
[0.323s] -- Detecting C compiler ABI info - done
[0.328s] -- Check for working C compiler: /usr/bin/cc - skipped
[0.329s] -- Detecting C compile features
[0.330s] -- Detecting C compile features - done
[0.334s] -- Detecting CXX compiler ABI info
[0.392s] -- Detecting CXX compiler ABI info - done
[0.397s] -- Check for working CXX compiler: /usr/bin/c++ - skipped
[0.398s] -- Detecting CXX compile features
[0.398s] -- Detecting CXX compile features - done
[0.405s] -- Found ament_cmake: 1.3.9 (/opt/ros/humble/share/ament_cmake/cmake)
[0.703s] -- Found Python3: /usr/bin/python3 (found version "3.10.12") found components: Interpreter 
[0.759s] -- Override CMake install command with custom implementation using symlinks instead of copying resources
[0.798s] -- Found rosidl_default_generators: 1.2.0 (/opt/ros/humble/share/rosidl_default_generators/cmake)
[0.803s] -- Using all available rosidl_typesupport_c: rosidl_typesupport_fastrtps_c;rosidl_typesupport_introspection_c
[0.812s] -- Found rosidl_adapter: 3.1.5 (/opt/ros/humble/share/rosidl_adapter/cmake)
[0.866s] -- Using all available rosidl_typesupport_cpp: rosidl_typesupport_fastrtps_cpp;rosidl_typesupport_introspection_cpp
[0.912s] -- Found ament_lint_auto: 0.12.11 (/opt/ros/humble/share/ament_lint_auto/cmake)
[1.124s] -- Found ament_cmake_ros: 0.10.0 (/opt/ros/humble/share/ament_cmake_ros/cmake)
[1.273s] -- Using all available rosidl_typesupport_c: rosidl_typesupport_fastrtps_c;rosidl_typesupport_introspection_c
[1.434s] -- Using all available rosidl_typesupport_cpp: rosidl_typesupport_fastrtps_cpp;rosidl_typesupport_introspection_cpp
[1.451s] -- Found PythonInterp: /usr/bin/python3 (found suitable version "3.10.12", minimum required is "3.6") 
[1.453s] -- Found python_cmake_module: 0.10.0 (/opt/ros/humble/share/python_cmake_module/cmake)
[1.472s] -- Found PythonLibs: /usr/lib/x86_64-linux-gnu/libpython3.10.so (found suitable version "3.10.12", minimum required is "3.5") 
[1.472s] -- Using PYTHON_EXECUTABLE: /usr/bin/python3
[1.472s] -- Using PYTHON_INCLUDE_DIRS: /usr/include/python3.10
[1.472s] -- Using PYTHON_LIBRARIES: /usr/lib/x86_64-linux-gnu/libpython3.10.so
[1.487s] -- Found PythonExtra: .so  
[1.516s] -- Added test 'copyright' to check source files copyright and LICENSE
[1.524s] -- Added test 'lint_cmake' to check CMake code style
[1.525s] -- Added test 'xmllint' to check XML markup files
[1.532s] -- Configuring done
[1.551s] -- Generating done
[1.553s] -- Build files have been written to: /home/kim/ros2_ws/src/build/micro_ros_msgs
[1.557s] Invoked command in '/home/kim/ros2_ws/src/build/micro_ros_msgs' returned '0': CMAKE_PREFIX_PATH=/opt/ros/humble /usr/bin/cmake /home/kim/ros2_ws/src/uros/micro_ros_msgs -DAMENT_CMAKE_SYMLINK_INSTALL=1 -DCMAKE_INSTALL_PREFIX=/home/kim/ros2_ws/src/install/micro_ros_msgs
[1.557s] Invoking command in '/home/kim/ros2_ws/src/build/micro_ros_msgs': CMAKE_PREFIX_PATH=/opt/ros/humble /usr/bin/cmake --build /home/kim/ros2_ws/src/build/micro_ros_msgs -- -j8 -l8
[1.583s] [  2%] [34m[1mGenerating C code for ROS interfaces[0m
[1.589s] [  4%] [34m[1mGenerating C++ code for ROS interfaces[0m
[1.593s] [  4%] Built target ament_cmake_python_symlink_micro_ros_msgs
[1.763s] running egg_info
[1.763s] creating micro_ros_msgs.egg-info
[1.776s] writing micro_ros_msgs.egg-info/PKG-INFO
[1.776s] writing dependency_links to micro_ros_msgs.egg-info/dependency_links.txt
[1.776s] writing top-level names to micro_ros_msgs.egg-info/top_level.txt
[1.776s] writing manifest file 'micro_ros_msgs.egg-info/SOURCES.txt'
[1.815s] reading manifest file 'micro_ros_msgs.egg-info/SOURCES.txt'
[1.816s] writing manifest file 'micro_ros_msgs.egg-info/SOURCES.txt'
[1.839s] [  4%] Built target ament_cmake_python_build_micro_ros_msgs_egg
[1.901s] [  4%] Built target micro_ros_msgs__cpp
[1.911s] [  6%] [34m[1mGenerating C++ introspection for ROS interfaces[0m
[1.911s] [ 10%] [34m[1mGenerating C++ type support for eProsima Fast-RTPS[0m
[1.911s] [ 10%] [34m[1mGenerating C++ type support dispatch for ROS interfaces[0m
[1.932s] [ 12%] [32mBuilding C object CMakeFiles/micro_ros_msgs__rosidl_generator_c.dir/rosidl_generator_c/micro_ros_msgs/msg/detail/entity__functions.c.o[0m
[1.933s] [ 14%] [32mBuilding C object CMakeFiles/micro_ros_msgs__rosidl_generator_c.dir/rosidl_generator_c/micro_ros_msgs/msg/detail/graph__functions.c.o[0m
[1.933s] [ 17%] [32mBuilding C object CMakeFiles/micro_ros_msgs__rosidl_generator_c.dir/rosidl_generator_c/micro_ros_msgs/msg/detail/node__functions.c.o[0m
[2.009s] [ 19%] [32m[1mLinking C shared library libmicro_ros_msgs__rosidl_generator_c.so[0m
[2.041s] [ 19%] Built target micro_ros_msgs__rosidl_generator_c
[2.051s] [ 21%] [34m[1mGenerating C type support for eProsima Fast-RTPS[0m
[2.052s] [ 23%] [34m[1mGenerating C type support dispatch for ROS interfaces[0m
[2.052s] [ 25%] [34m[1mGenerating C introspection for ROS interfaces[0m
[2.183s] [ 29%] [32mBuilding CXX object CMakeFiles/micro_ros_msgs__rosidl_typesupport_cpp.dir/rosidl_typesupport_cpp/micro_ros_msgs/msg/graph__type_support.cpp.o[0m
[2.183s] [ 29%] [32mBuilding CXX object CMakeFiles/micro_ros_msgs__rosidl_typesupport_cpp.dir/rosidl_typesupport_cpp/micro_ros_msgs/msg/entity__type_support.cpp.o[0m
[2.184s] [ 31%] [32mBuilding CXX object CMakeFiles/micro_ros_msgs__rosidl_typesupport_cpp.dir/rosidl_typesupport_cpp/micro_ros_msgs/msg/node__type_support.cpp.o[0m
[2.278s] [ 34%] [32mBuilding CXX object CMakeFiles/micro_ros_msgs__rosidl_typesupport_introspection_cpp.dir/rosidl_typesupport_introspection_cpp/micro_ros_msgs/msg/detail/graph__type_support.cpp.o[0m
[2.438s] [ 36%] [32mBuilding CXX object CMakeFiles/micro_ros_msgs__rosidl_typesupport_fastrtps_cpp.dir/rosidl_typesupport_fastrtps_cpp/micro_ros_msgs/msg/detail/dds_fastrtps/graph__type_support.cpp.o[0m
[2.543s] [ 38%] [32mBuilding CXX object CMakeFiles/micro_ros_msgs__rosidl_typesupport_c.dir/rosidl_typesupport_c/micro_ros_msgs/msg/graph__type_support.cpp.o[0m
[2.587s] [ 40%] [32mBuilding CXX object CMakeFiles/micro_ros_msgs__rosidl_typesupport_c.dir/rosidl_typesupport_c/micro_ros_msgs/msg/node__type_support.cpp.o[0m
[2.597s] [ 42%] [32mBuilding CXX object CMakeFiles/micro_ros_msgs__rosidl_typesupport_fastrtps_cpp.dir/rosidl_typesupport_fastrtps_cpp/micro_ros_msgs/msg/detail/dds_fastrtps/node__type_support.cpp.o[0m
[2.608s] [ 44%] [32mBuilding CXX object CMakeFiles/micro_ros_msgs__rosidl_typesupport_fastrtps_cpp.dir/rosidl_typesupport_fastrtps_cpp/micro_ros_msgs/msg/detail/dds_fastrtps/entity__type_support.cpp.o[0m
[2.612s] [ 46%] [32m[1mLinking CXX shared library libmicro_ros_msgs__rosidl_typesupport_cpp.so[0m
[2.625s] [ 51%] [32mBuilding C object CMakeFiles/micro_ros_msgs__rosidl_typesupport_introspection_c.dir/rosidl_typesupport_introspection_c/micro_ros_msgs/msg/detail/graph__type_support.c.o[0m
[2.625s] [ 51%] [32mBuilding CXX object CMakeFiles/micro_ros_msgs__rosidl_typesupport_c.dir/rosidl_typesupport_c/micro_ros_msgs/msg/entity__type_support.cpp.o[0m
[2.655s] [ 53%] [32mBuilding CXX object CMakeFiles/micro_ros_msgs__rosidl_typesupport_fastrtps_c.dir/rosidl_typesupport_fastrtps_c/micro_ros_msgs/msg/detail/graph__type_support_c.cpp.o[0m
[2.668s] [ 55%] [32m[1mLinking CXX shared library libmicro_ros_msgs__rosidl_typesupport_c.so[0m
[2.669s] [ 55%] Built target micro_ros_msgs__rosidl_typesupport_cpp
[2.678s] [ 57%] [32mBuilding C object CMakeFiles/micro_ros_msgs__rosidl_typesupport_introspection_c.dir/rosidl_typesupport_introspection_c/micro_ros_msgs/msg/detail/node__type_support.c.o[0m
[2.680s] [ 59%] [32mBuilding CXX object CMakeFiles/micro_ros_msgs__rosidl_typesupport_fastrtps_c.dir/rosidl_typesupport_fastrtps_c/micro_ros_msgs/msg/detail/node__type_support_c.cpp.o[0m
[2.724s] [ 59%] Built target micro_ros_msgs__rosidl_typesupport_c
[2.728s] [ 61%] [32mBuilding C object CMakeFiles/micro_ros_msgs__rosidl_typesupport_introspection_c.dir/rosidl_typesupport_introspection_c/micro_ros_msgs/msg/detail/entity__type_support.c.o[0m
[2.736s] [ 63%] [32mBuilding CXX object CMakeFiles/micro_ros_msgs__rosidl_typesupport_fastrtps_c.dir/rosidl_typesupport_fastrtps_c/micro_ros_msgs/msg/detail/entity__type_support_c.cpp.o[0m
[2.778s] [ 65%] [32m[1mLinking C shared library libmicro_ros_msgs__rosidl_typesupport_introspection_c.so[0m
[2.818s] [ 65%] Built target micro_ros_msgs__rosidl_typesupport_introspection_c
[2.830s] [ 68%] [32mBuilding CXX object CMakeFiles/micro_ros_msgs__rosidl_typesupport_introspection_cpp.dir/rosidl_typesupport_introspection_cpp/micro_ros_msgs/msg/detail/node__type_support.cpp.o[0m
[3.040s] [ 70%] [32mBuilding CXX object CMakeFiles/micro_ros_msgs__rosidl_typesupport_introspection_cpp.dir/rosidl_typesupport_introspection_cpp/micro_ros_msgs/msg/detail/entity__type_support.cpp.o[0m
[3.182s] [ 72%] [32m[1mLinking CXX shared library libmicro_ros_msgs__rosidl_typesupport_fastrtps_c.so[0m
[3.185s] [ 74%] [32m[1mLinking CXX shared library libmicro_ros_msgs__rosidl_typesupport_fastrtps_cpp.so[0m
[3.246s] [ 74%] Built target micro_ros_msgs__rosidl_typesupport_fastrtps_c
[3.251s] [ 74%] Built target micro_ros_msgs__rosidl_typesupport_fastrtps_cpp
[3.359s] [ 76%] [32m[1mLinking CXX shared library libmicro_ros_msgs__rosidl_typesupport_introspection_cpp.so[0m
[3.410s] [ 76%] Built target micro_ros_msgs__rosidl_typesupport_introspection_cpp
[3.422s] [ 76%] Built target micro_ros_msgs
[3.436s] [ 78%] [34m[1mGenerating Python code for ROS interfaces[0m
[3.795s] [ 78%] Built target micro_ros_msgs__py
[3.807s] [ 82%] [32mBuilding C object CMakeFiles/micro_ros_msgs__rosidl_generator_py.dir/rosidl_generator_py/micro_ros_msgs/msg/_node_s.c.o[0m
[3.808s] [ 82%] [32mBuilding C object CMakeFiles/micro_ros_msgs__rosidl_generator_py.dir/rosidl_generator_py/micro_ros_msgs/msg/_graph_s.c.o[0m
[3.808s] [ 85%] [32mBuilding C object CMakeFiles/micro_ros_msgs__rosidl_generator_py.dir/rosidl_generator_py/micro_ros_msgs/msg/_entity_s.c.o[0m
[3.915s] [ 87%] [32m[1mLinking C shared library rosidl_generator_py/micro_ros_msgs/libmicro_ros_msgs__rosidl_generator_py.so[0m
[3.943s] [ 87%] Built target micro_ros_msgs__rosidl_generator_py
[3.956s] [ 93%] [32mBuilding C object CMakeFiles/micro_ros_msgs__rosidl_typesupport_fastrtps_c__pyext.dir/rosidl_generator_py/micro_ros_msgs/_micro_ros_msgs_s.ep.rosidl_typesupport_fastrtps_c.c.o[0m
[3.956s] [ 93%] [32mBuilding C object CMakeFiles/micro_ros_msgs__rosidl_typesupport_c__pyext.dir/rosidl_generator_py/micro_ros_msgs/_micro_ros_msgs_s.ep.rosidl_typesupport_c.c.o[0m
[3.956s] [ 93%] [32mBuilding C object CMakeFiles/micro_ros_msgs__rosidl_typesupport_introspection_c__pyext.dir/rosidl_generator_py/micro_ros_msgs/_micro_ros_msgs_s.ep.rosidl_typesupport_introspection_c.c.o[0m
[4.033s] [ 97%] [32m[1mLinking C shared library rosidl_generator_py/micro_ros_msgs/micro_ros_msgs_s__rosidl_typesupport_introspection_c.cpython-310-x86_64-linux-gnu.so[0m
[4.033s] [ 97%] [32m[1mLinking C shared library rosidl_generator_py/micro_ros_msgs/micro_ros_msgs_s__rosidl_typesupport_c.cpython-310-x86_64-linux-gnu.so[0m
[4.034s] [100%] [32m[1mLinking C shared library rosidl_generator_py/micro_ros_msgs/micro_ros_msgs_s__rosidl_typesupport_fastrtps_c.cpython-310-x86_64-linux-gnu.so[0m
[4.057s] [100%] Built target micro_ros_msgs__rosidl_typesupport_c__pyext
[4.057s] [100%] Built target micro_ros_msgs__rosidl_typesupport_introspection_c__pyext
[4.057s] [100%] Built target micro_ros_msgs__rosidl_typesupport_fastrtps_c__pyext
[4.065s] Invoked command in '/home/kim/ros2_ws/src/build/micro_ros_msgs' returned '0': CMAKE_PREFIX_PATH=/opt/ros/humble /usr/bin/cmake --build /home/kim/ros2_ws/src/build/micro_ros_msgs -- -j8 -l8
[4.122s] Invoking command in '/home/kim/ros2_ws/src/build/micro_ros_msgs': CMAKE_PREFIX_PATH=/opt/ros/humble /usr/bin/cmake --install /home/kim/ros2_ws/src/build/micro_ros_msgs
[4.127s] -- Install configuration: ""
[4.127s] -- Execute custom install script
[4.127s] -- Symlinking: /home/kim/ros2_ws/src/install/micro_ros_msgs/share/ament_index/resource_index/rosidl_interfaces/micro_ros_msgs
[4.135s] -- Symlinking: /home/kim/ros2_ws/src/install/micro_ros_msgs/include/micro_ros_msgs/micro_ros_msgs/msg/detail/entity__functions.h
[4.144s] -- Symlinking: /home/kim/ros2_ws/src/install/micro_ros_msgs/include/micro_ros_msgs/micro_ros_msgs/msg/detail/entity__struct.h
[4.151s] -- Symlinking: /home/kim/ros2_ws/src/install/micro_ros_msgs/include/micro_ros_msgs/micro_ros_msgs/msg/detail/entity__type_support.h
[4.159s] -- Symlinking: /home/kim/ros2_ws/src/install/micro_ros_msgs/include/micro_ros_msgs/micro_ros_msgs/msg/detail/graph__functions.h
[4.169s] -- Symlinking: /home/kim/ros2_ws/src/install/micro_ros_msgs/include/micro_ros_msgs/micro_ros_msgs/msg/detail/graph__struct.h
[4.176s] -- Symlinking: /home/kim/ros2_ws/src/install/micro_ros_msgs/include/micro_ros_msgs/micro_ros_msgs/msg/detail/graph__type_support.h
[4.184s] -- Symlinking: /home/kim/ros2_ws/src/install/micro_ros_msgs/include/micro_ros_msgs/micro_ros_msgs/msg/detail/node__functions.h
[4.191s] -- Symlinking: /home/kim/ros2_ws/src/install/micro_ros_msgs/include/micro_ros_msgs/micro_ros_msgs/msg/detail/node__struct.h
[4.198s] -- Symlinking: /home/kim/ros2_ws/src/install/micro_ros_msgs/include/micro_ros_msgs/micro_ros_msgs/msg/detail/node__type_support.h
[4.203s] -- Symlinking: /home/kim/ros2_ws/src/install/micro_ros_msgs/include/micro_ros_msgs/micro_ros_msgs/msg/entity.h
[4.208s] -- Symlinking: /home/kim/ros2_ws/src/install/micro_ros_msgs/include/micro_ros_msgs/micro_ros_msgs/msg/graph.h
[4.213s] -- Symlinking: /home/kim/ros2_ws/src/install/micro_ros_msgs/include/micro_ros_msgs/micro_ros_msgs/msg/node.h
[4.219s] -- Symlinking: /home/kim/ros2_ws/src/install/micro_ros_msgs/include/micro_ros_msgs/micro_ros_msgs/msg/rosidl_generator_c__visibility_control.h
[4.224s] -- Symlinking: /home/kim/ros2_ws/src/install/micro_ros_msgs/share/micro_ros_msgs/environment/library_path.sh
[4.229s] -- Symlinking: /home/kim/ros2_ws/src/install/micro_ros_msgs/share/micro_ros_msgs/environment/library_path.dsv
[4.237s] -- Symlinking: /home/kim/ros2_ws/src/install/micro_ros_msgs/include/micro_ros_msgs/micro_ros_msgs/msg/detail/entity__rosidl_typesupport_fastrtps_c.h
[4.245s] -- Symlinking: /home/kim/ros2_ws/src/install/micro_ros_msgs/include/micro_ros_msgs/micro_ros_msgs/msg/detail/graph__rosidl_typesupport_fastrtps_c.h
[4.250s] -- Symlinking: /home/kim/ros2_ws/src/install/micro_ros_msgs/include/micro_ros_msgs/micro_ros_msgs/msg/detail/node__rosidl_typesupport_fastrtps_c.h
[4.255s] -- Symlinking: /home/kim/ros2_ws/src/install/micro_ros_msgs/include/micro_ros_msgs/micro_ros_msgs/msg/rosidl_typesupport_fastrtps_c__visibility_control.h
[4.262s] -- Symlinking: /home/kim/ros2_ws/src/install/micro_ros_msgs/include/micro_ros_msgs/micro_ros_msgs/msg/detail/entity__rosidl_typesupport_introspection_c.h
[4.271s] -- Symlinking: /home/kim/ros2_ws/src/install/micro_ros_msgs/include/micro_ros_msgs/micro_ros_msgs/msg/detail/graph__rosidl_typesupport_introspection_c.h
[4.281s] -- Symlinking: /home/kim/ros2_ws/src/install/micro_ros_msgs/include/micro_ros_msgs/micro_ros_msgs/msg/detail/node__rosidl_typesupport_introspection_c.h
[4.287s] -- Symlinking: /home/kim/ros2_ws/src/install/micro_ros_msgs/include/micro_ros_msgs/micro_ros_msgs/msg/rosidl_typesupport_introspection_c__visibility_control.h
[4.292s] -- Symlinking: /home/kim/ros2_ws/src/install/micro_ros_msgs/include/micro_ros_msgs/micro_ros_msgs/msg/detail/entity__builder.hpp
[4.297s] -- Symlinking: /home/kim/ros2_ws/src/install/micro_ros_msgs/include/micro_ros_msgs/micro_ros_msgs/msg/detail/entity__struct.hpp
[4.302s] -- Symlinking: /home/kim/ros2_ws/src/install/micro_ros_msgs/include/micro_ros_msgs/micro_ros_msgs/msg/detail/entity__traits.hpp
[4.307s] -- Symlinking: /home/kim/ros2_ws/src/install/micro_ros_msgs/include/micro_ros_msgs/micro_ros_msgs/msg/detail/graph__builder.hpp
[4.312s] -- Symlinking: /home/kim/ros2_ws/src/install/micro_ros_msgs/include/micro_ros_msgs/micro_ros_msgs/msg/detail/graph__struct.hpp
[4.318s] -- Symlinking: /home/kim/ros2_ws/src/install/micro_ros_msgs/include/micro_ros_msgs/micro_ros_msgs/msg/detail/graph__traits.hpp
[4.326s] -- Symlinking: /home/kim/ros2_ws/src/install/micro_ros_msgs/include/micro_ros_msgs/micro_ros_msgs/msg/detail/node__builder.hpp
[4.334s] -- Symlinking: /home/kim/ros2_ws/src/install/micro_ros_msgs/include/micro_ros_msgs/micro_ros_msgs/msg/detail/node__struct.hpp
[4.341s] -- Symlinking: /home/kim/ros2_ws/src/install/micro_ros_msgs/include/micro_ros_msgs/micro_ros_msgs/msg/detail/node__traits.hpp
[4.349s] -- Symlinking: /home/kim/ros2_ws/src/install/micro_ros_msgs/include/micro_ros_msgs/micro_ros_msgs/msg/entity.hpp
[4.355s] -- Symlinking: /home/kim/ros2_ws/src/install/micro_ros_msgs/include/micro_ros_msgs/micro_ros_msgs/msg/graph.hpp
[4.361s] -- Symlinking: /home/kim/ros2_ws/src/install/micro_ros_msgs/include/micro_ros_msgs/micro_ros_msgs/msg/node.hpp
[4.366s] -- Symlinking: /home/kim/ros2_ws/src/install/micro_ros_msgs/include/micro_ros_msgs/micro_ros_msgs/msg/detail/entity__rosidl_typesupport_fastrtps_cpp.hpp
[4.371s] -- Symlinking: /home/kim/ros2_ws/src/install/micro_ros_msgs/include/micro_ros_msgs/micro_ros_msgs/msg/detail/graph__rosidl_typesupport_fastrtps_cpp.hpp
[4.377s] -- Symlinking: /home/kim/ros2_ws/src/install/micro_ros_msgs/include/micro_ros_msgs/micro_ros_msgs/msg/detail/node__rosidl_typesupport_fastrtps_cpp.hpp
[4.382s] -- Symlinking: /home/kim/ros2_ws/src/install/micro_ros_msgs/include/micro_ros_msgs/micro_ros_msgs/msg/rosidl_typesupport_fastrtps_cpp__visibility_control.h
[4.387s] -- Symlinking: /home/kim/ros2_ws/src/install/micro_ros_msgs/include/micro_ros_msgs/micro_ros_msgs/msg/detail/entity__rosidl_typesupport_introspection_cpp.hpp
[4.393s] -- Symlinking: /home/kim/ros2_ws/src/install/micro_ros_msgs/include/micro_ros_msgs/micro_ros_msgs/msg/detail/graph__rosidl_typesupport_introspection_cpp.hpp
[4.398s] -- Symlinking: /home/kim/ros2_ws/src/install/micro_ros_msgs/include/micro_ros_msgs/micro_ros_msgs/msg/detail/node__rosidl_typesupport_introspection_cpp.hpp
[4.403s] -- Symlinking: /home/kim/ros2_ws/src/install/micro_ros_msgs/share/micro_ros_msgs/environment/pythonpath.sh
[4.408s] -- Symlinking: /home/kim/ros2_ws/src/install/micro_ros_msgs/share/micro_ros_msgs/environment/pythonpath.dsv
[4.413s] -- Symlinking: /home/kim/ros2_ws/src/install/micro_ros_msgs/local/lib/python3.10/dist-packages/micro_ros_msgs-3.0.1-py3.10.egg-info/PKG-INFO
[4.419s] -- Symlinking: /home/kim/ros2_ws/src/install/micro_ros_msgs/local/lib/python3.10/dist-packages/micro_ros_msgs-3.0.1-py3.10.egg-info/SOURCES.txt
[4.425s] -- Symlinking: /home/kim/ros2_ws/src/install/micro_ros_msgs/local/lib/python3.10/dist-packages/micro_ros_msgs-3.0.1-py3.10.egg-info/dependency_links.txt
[4.430s] -- Symlinking: /home/kim/ros2_ws/src/install/micro_ros_msgs/local/lib/python3.10/dist-packages/micro_ros_msgs-3.0.1-py3.10.egg-info/top_level.txt
[4.437s] -- Symlinking: /home/kim/ros2_ws/src/install/micro_ros_msgs/local/lib/python3.10/dist-packages/micro_ros_msgs/__init__.py
[4.442s] -- Symlinking: /home/kim/ros2_ws/src/install/micro_ros_msgs/local/lib/python3.10/dist-packages/micro_ros_msgs/_micro_ros_msgs_s.ep.rosidl_typesupport_c.c
[4.449s] -- Symlinking: /home/kim/ros2_ws/src/install/micro_ros_msgs/local/lib/python3.10/dist-packages/micro_ros_msgs/_micro_ros_msgs_s.ep.rosidl_typesupport_fastrtps_c.c
[4.454s] -- Symlinking: /home/kim/ros2_ws/src/install/micro_ros_msgs/local/lib/python3.10/dist-packages/micro_ros_msgs/_micro_ros_msgs_s.ep.rosidl_typesupport_introspection_c.c
[4.461s] -- Symlinking: /home/kim/ros2_ws/src/install/micro_ros_msgs/local/lib/python3.10/dist-packages/micro_ros_msgs/libmicro_ros_msgs__rosidl_generator_py.so
[4.468s] -- Symlinking: /home/kim/ros2_ws/src/install/micro_ros_msgs/local/lib/python3.10/dist-packages/micro_ros_msgs/micro_ros_msgs_s__rosidl_typesupport_c.cpython-310-x86_64-linux-gnu.so
[4.474s] -- Symlinking: /home/kim/ros2_ws/src/install/micro_ros_msgs/local/lib/python3.10/dist-packages/micro_ros_msgs/micro_ros_msgs_s__rosidl_typesupport_fastrtps_c.cpython-310-x86_64-linux-gnu.so
[4.481s] -- Symlinking: /home/kim/ros2_ws/src/install/micro_ros_msgs/local/lib/python3.10/dist-packages/micro_ros_msgs/micro_ros_msgs_s__rosidl_typesupport_introspection_c.cpython-310-x86_64-linux-gnu.so
[4.490s] -- Symlinking: /home/kim/ros2_ws/src/install/micro_ros_msgs/local/lib/python3.10/dist-packages/micro_ros_msgs/msg/__init__.py
[4.496s] -- Symlinking: /home/kim/ros2_ws/src/install/micro_ros_msgs/local/lib/python3.10/dist-packages/micro_ros_msgs/msg/_entity.py
[4.501s] -- Symlinking: /home/kim/ros2_ws/src/install/micro_ros_msgs/local/lib/python3.10/dist-packages/micro_ros_msgs/msg/_entity_s.c
[4.507s] -- Symlinking: /home/kim/ros2_ws/src/install/micro_ros_msgs/local/lib/python3.10/dist-packages/micro_ros_msgs/msg/_graph.py
[4.522s] -- Symlinking: /home/kim/ros2_ws/src/install/micro_ros_msgs/local/lib/python3.10/dist-packages/micro_ros_msgs/msg/_graph_s.c
[4.530s] -- Symlinking: /home/kim/ros2_ws/src/install/micro_ros_msgs/local/lib/python3.10/dist-packages/micro_ros_msgs/msg/_node.py
[4.542s] -- Symlinking: /home/kim/ros2_ws/src/install/micro_ros_msgs/local/lib/python3.10/dist-packages/micro_ros_msgs/msg/_node_s.c
[4.553s] -- Up-to-date symlink: /home/kim/ros2_ws/src/install/micro_ros_msgs/local/lib/python3.10/dist-packages/micro_ros_msgs/micro_ros_msgs_s__rosidl_typesupport_fastrtps_c.cpython-310-x86_64-linux-gnu.so
[4.553s] -- Up-to-date symlink: /home/kim/ros2_ws/src/install/micro_ros_msgs/local/lib/python3.10/dist-packages/micro_ros_msgs/micro_ros_msgs_s__rosidl_typesupport_introspection_c.cpython-310-x86_64-linux-gnu.so
[4.553s] -- Up-to-date symlink: /home/kim/ros2_ws/src/install/micro_ros_msgs/local/lib/python3.10/dist-packages/micro_ros_msgs/micro_ros_msgs_s__rosidl_typesupport_c.cpython-310-x86_64-linux-gnu.so
[4.554s] -- Symlinking: /home/kim/ros2_ws/src/install/micro_ros_msgs/share/micro_ros_msgs/msg/Graph.idl
[4.564s] -- Symlinking: /home/kim/ros2_ws/src/install/micro_ros_msgs/share/micro_ros_msgs/msg/Node.idl
[4.573s] -- Symlinking: /home/kim/ros2_ws/src/install/micro_ros_msgs/share/micro_ros_msgs/msg/Entity.idl
[4.581s] -- Symlinking: /home/kim/ros2_ws/src/install/micro_ros_msgs/share/micro_ros_msgs/msg/Graph.msg
[4.590s] -- Symlinking: /home/kim/ros2_ws/src/install/micro_ros_msgs/share/micro_ros_msgs/msg/Node.msg
[4.603s] -- Symlinking: /home/kim/ros2_ws/src/install/micro_ros_msgs/share/micro_ros_msgs/msg/Entity.msg
[4.613s] -- Symlinking: /home/kim/ros2_ws/src/install/micro_ros_msgs/share/ament_index/resource_index/package_run_dependencies/micro_ros_msgs
[4.621s] -- Symlinking: /home/kim/ros2_ws/src/install/micro_ros_msgs/share/ament_index/resource_index/parent_prefix_path/micro_ros_msgs
[4.628s] -- Symlinking: /home/kim/ros2_ws/src/install/micro_ros_msgs/share/micro_ros_msgs/environment/ament_prefix_path.sh
[4.635s] -- Symlinking: /home/kim/ros2_ws/src/install/micro_ros_msgs/share/micro_ros_msgs/environment/ament_prefix_path.dsv
[4.642s] -- Symlinking: /home/kim/ros2_ws/src/install/micro_ros_msgs/share/micro_ros_msgs/environment/path.sh
[4.649s] -- Symlinking: /home/kim/ros2_ws/src/install/micro_ros_msgs/share/micro_ros_msgs/environment/path.dsv
[4.654s] -- Symlinking: /home/kim/ros2_ws/src/install/micro_ros_msgs/share/micro_ros_msgs/local_setup.bash
[4.661s] -- Symlinking: /home/kim/ros2_ws/src/install/micro_ros_msgs/share/micro_ros_msgs/local_setup.sh
[4.667s] -- Symlinking: /home/kim/ros2_ws/src/install/micro_ros_msgs/share/micro_ros_msgs/local_setup.zsh
[4.673s] -- Symlinking: /home/kim/ros2_ws/src/install/micro_ros_msgs/share/micro_ros_msgs/local_setup.dsv
[4.678s] -- Symlinking: /home/kim/ros2_ws/src/install/micro_ros_msgs/share/micro_ros_msgs/package.dsv
[4.684s] -- Symlinking: /home/kim/ros2_ws/src/install/micro_ros_msgs/share/ament_index/resource_index/packages/micro_ros_msgs
[4.689s] -- Symlinking: /home/kim/ros2_ws/src/install/micro_ros_msgs/share/micro_ros_msgs/cmake/rosidl_cmake-extras.cmake
[4.694s] -- Symlinking: /home/kim/ros2_ws/src/install/micro_ros_msgs/share/micro_ros_msgs/cmake/ament_cmake_export_include_directories-extras.cmake
[4.699s] -- Symlinking: /home/kim/ros2_ws/src/install/micro_ros_msgs/share/micro_ros_msgs/cmake/ament_cmake_export_libraries-extras.cmake
[4.704s] -- Symlinking: /home/kim/ros2_ws/src/install/micro_ros_msgs/share/micro_ros_msgs/cmake/ament_cmake_export_targets-extras.cmake
[4.710s] -- Symlinking: /home/kim/ros2_ws/src/install/micro_ros_msgs/share/micro_ros_msgs/cmake/rosidl_cmake_export_typesupport_targets-extras.cmake
[4.715s] -- Symlinking: /home/kim/ros2_ws/src/install/micro_ros_msgs/share/micro_ros_msgs/cmake/ament_cmake_export_dependencies-extras.cmake
[4.721s] -- Symlinking: /home/kim/ros2_ws/src/install/micro_ros_msgs/share/micro_ros_msgs/cmake/rosidl_cmake_export_typesupport_libraries-extras.cmake
[4.730s] -- Symlinking: /home/kim/ros2_ws/src/install/micro_ros_msgs/share/micro_ros_msgs/cmake/micro_ros_msgsConfig.cmake
[4.736s] -- Symlinking: /home/kim/ros2_ws/src/install/micro_ros_msgs/share/micro_ros_msgs/cmake/micro_ros_msgsConfig-version.cmake
[4.741s] -- Symlinking: /home/kim/ros2_ws/src/install/micro_ros_msgs/share/micro_ros_msgs/package.xml
[4.748s] -- Installing: /home/kim/ros2_ws/src/install/micro_ros_msgs/lib/libmicro_ros_msgs__rosidl_generator_c.so
[4.748s] -- Set runtime path of "/home/kim/ros2_ws/src/install/micro_ros_msgs/lib/libmicro_ros_msgs__rosidl_generator_c.so" to ""
[4.748s] -- Installing: /home/kim/ros2_ws/src/install/micro_ros_msgs/lib/libmicro_ros_msgs__rosidl_typesupport_fastrtps_c.so
[4.748s] -- Set runtime path of "/home/kim/ros2_ws/src/install/micro_ros_msgs/lib/libmicro_ros_msgs__rosidl_typesupport_fastrtps_c.so" to ""
[4.748s] -- Installing: /home/kim/ros2_ws/src/install/micro_ros_msgs/lib/libmicro_ros_msgs__rosidl_typesupport_introspection_c.so
[4.748s] -- Set runtime path of "/home/kim/ros2_ws/src/install/micro_ros_msgs/lib/libmicro_ros_msgs__rosidl_typesupport_introspection_c.so" to ""
[4.748s] -- Installing: /home/kim/ros2_ws/src/install/micro_ros_msgs/lib/libmicro_ros_msgs__rosidl_typesupport_c.so
[4.748s] -- Set runtime path of "/home/kim/ros2_ws/src/install/micro_ros_msgs/lib/libmicro_ros_msgs__rosidl_typesupport_c.so" to ""
[4.748s] -- Installing: /home/kim/ros2_ws/src/install/micro_ros_msgs/lib/libmicro_ros_msgs__rosidl_typesupport_fastrtps_cpp.so
[4.748s] -- Set runtime path of "/home/kim/ros2_ws/src/install/micro_ros_msgs/lib/libmicro_ros_msgs__rosidl_typesupport_fastrtps_cpp.so" to ""
[4.749s] -- Installing: /home/kim/ros2_ws/src/install/micro_ros_msgs/lib/libmicro_ros_msgs__rosidl_typesupport_introspection_cpp.so
[4.749s] -- Set runtime path of "/home/kim/ros2_ws/src/install/micro_ros_msgs/lib/libmicro_ros_msgs__rosidl_typesupport_introspection_cpp.so" to ""
[4.749s] -- Installing: /home/kim/ros2_ws/src/install/micro_ros_msgs/lib/libmicro_ros_msgs__rosidl_typesupport_cpp.so
[4.749s] -- Set runtime path of "/home/kim/ros2_ws/src/install/micro_ros_msgs/lib/libmicro_ros_msgs__rosidl_typesupport_cpp.so" to ""
[4.776s] Listing '/home/kim/ros2_ws/src/install/micro_ros_msgs/local/lib/python3.10/dist-packages/micro_ros_msgs'...
[4.776s] Compiling '/home/kim/ros2_ws/src/install/micro_ros_msgs/local/lib/python3.10/dist-packages/micro_ros_msgs/__init__.py'...
[4.776s] Listing '/home/kim/ros2_ws/src/install/micro_ros_msgs/local/lib/python3.10/dist-packages/micro_ros_msgs/msg'...
[4.776s] Compiling '/home/kim/ros2_ws/src/install/micro_ros_msgs/local/lib/python3.10/dist-packages/micro_ros_msgs/msg/__init__.py'...
[4.776s] Compiling '/home/kim/ros2_ws/src/install/micro_ros_msgs/local/lib/python3.10/dist-packages/micro_ros_msgs/msg/_entity.py'...
[4.776s] Compiling '/home/kim/ros2_ws/src/install/micro_ros_msgs/local/lib/python3.10/dist-packages/micro_ros_msgs/msg/_graph.py'...
[4.776s] Compiling '/home/kim/ros2_ws/src/install/micro_ros_msgs/local/lib/python3.10/dist-packages/micro_ros_msgs/msg/_node.py'...
[4.779s] -- Installing: /home/kim/ros2_ws/src/install/micro_ros_msgs/lib/libmicro_ros_msgs__rosidl_generator_py.so
[4.779s] -- Set runtime path of "/home/kim/ros2_ws/src/install/micro_ros_msgs/lib/libmicro_ros_msgs__rosidl_generator_py.so" to ""
[4.779s] -- Installing: /home/kim/ros2_ws/src/install/micro_ros_msgs/share/micro_ros_msgs/cmake/export_micro_ros_msgs__rosidl_generator_cExport.cmake
[4.779s] -- Installing: /home/kim/ros2_ws/src/install/micro_ros_msgs/share/micro_ros_msgs/cmake/export_micro_ros_msgs__rosidl_generator_cExport-noconfig.cmake
[4.779s] -- Installing: /home/kim/ros2_ws/src/install/micro_ros_msgs/share/micro_ros_msgs/cmake/export_micro_ros_msgs__rosidl_typesupport_fastrtps_cExport.cmake
[4.779s] -- Installing: /home/kim/ros2_ws/src/install/micro_ros_msgs/share/micro_ros_msgs/cmake/export_micro_ros_msgs__rosidl_typesupport_fastrtps_cExport-noconfig.cmake
[4.779s] -- Installing: /home/kim/ros2_ws/src/install/micro_ros_msgs/share/micro_ros_msgs/cmake/micro_ros_msgs__rosidl_typesupport_introspection_cExport.cmake
[4.779s] -- Installing: /home/kim/ros2_ws/src/install/micro_ros_msgs/share/micro_ros_msgs/cmake/micro_ros_msgs__rosidl_typesupport_introspection_cExport-noconfig.cmake
[4.779s] -- Installing: /home/kim/ros2_ws/src/install/micro_ros_msgs/share/micro_ros_msgs/cmake/micro_ros_msgs__rosidl_typesupport_cExport.cmake
[4.779s] -- Installing: /home/kim/ros2_ws/src/install/micro_ros_msgs/share/micro_ros_msgs/cmake/micro_ros_msgs__rosidl_typesupport_cExport-noconfig.cmake
[4.779s] -- Installing: /home/kim/ros2_ws/src/install/micro_ros_msgs/share/micro_ros_msgs/cmake/export_micro_ros_msgs__rosidl_generator_cppExport.cmake
[4.780s] -- Installing: /home/kim/ros2_ws/src/install/micro_ros_msgs/share/micro_ros_msgs/cmake/export_micro_ros_msgs__rosidl_typesupport_fastrtps_cppExport.cmake
[4.780s] -- Installing: /home/kim/ros2_ws/src/install/micro_ros_msgs/share/micro_ros_msgs/cmake/export_micro_ros_msgs__rosidl_typesupport_fastrtps_cppExport-noconfig.cmake
[4.780s] -- Installing: /home/kim/ros2_ws/src/install/micro_ros_msgs/share/micro_ros_msgs/cmake/micro_ros_msgs__rosidl_typesupport_introspection_cppExport.cmake
[4.780s] -- Installing: /home/kim/ros2_ws/src/install/micro_ros_msgs/share/micro_ros_msgs/cmake/micro_ros_msgs__rosidl_typesupport_introspection_cppExport-noconfig.cmake
[4.780s] -- Installing: /home/kim/ros2_ws/src/install/micro_ros_msgs/share/micro_ros_msgs/cmake/micro_ros_msgs__rosidl_typesupport_cppExport.cmake
[4.780s] -- Installing: /home/kim/ros2_ws/src/install/micro_ros_msgs/share/micro_ros_msgs/cmake/micro_ros_msgs__rosidl_typesupport_cppExport-noconfig.cmake
[4.780s] -- Installing: /home/kim/ros2_ws/src/install/micro_ros_msgs/share/micro_ros_msgs/cmake/export_micro_ros_msgs__rosidl_generator_pyExport.cmake
[4.780s] -- Installing: /home/kim/ros2_ws/src/install/micro_ros_msgs/share/micro_ros_msgs/cmake/export_micro_ros_msgs__rosidl_generator_pyExport-noconfig.cmake
[4.782s] Invoked command in '/home/kim/ros2_ws/src/build/micro_ros_msgs' returned '0': CMAKE_PREFIX_PATH=/opt/ros/humble /usr/bin/cmake --install /home/kim/ros2_ws/src/build/micro_ros_msgs
