/home/kim/.local/lib/python3.10/site-packages/setuptools/dist.py:476: SetuptoolsDeprecationWarning: Invalid dash-separated options
!!

        ********************************************************************************
        Usage of dash-separated 'script-dir' will not be supported in future
        versions. Please use the underscore name 'script_dir' instead.

        By 2024-Sep-26, you need to update your project and remove deprecated calls
        or your builds will no longer be supported.

        See https://setuptools.pypa.io/en/latest/userguide/declarative_config.html for details.
        ********************************************************************************

!!
  opt = self.warn_dash_deprecation(opt, section)
running develop
/home/kim/.local/lib/python3.10/site-packages/setuptools/command/develop.py:42: EasyInstallDeprecationWarning: easy_install command is deprecated.
!!

        ********************************************************************************
        Please avoid running ``setup.py`` and ``easy_install``.
        Instead, use pypa/build, pypa/installer or other
        standards-based tools.

        See https://github.com/pypa/setuptools/issues/917 for details.
        ********************************************************************************

!!
  easy_install.initialize_options(self)
running egg_info
creating ssctractor.egg-info
writing ssctractor.egg-info/PKG-INFO
writing dependency_links to ssctractor.egg-info/dependency_links.txt
writing entry points to ssctractor.egg-info/entry_points.txt
writing requirements to ssctractor.egg-info/requires.txt
writing top-level names to ssctractor.egg-info/top_level.txt
writing manifest file 'ssctractor.egg-info/SOURCES.txt'
reading manifest file 'ssctractor.egg-info/SOURCES.txt'
writing manifest file 'ssctractor.egg-info/SOURCES.txt'
running build_ext
Creating /home/kim/ros2_ws/src/install/ssctractor/lib/python3.10/site-packages/ssctractor.egg-link (link to .)
Installing odom_publisher script to /home/kim/ros2_ws/src/install/ssctractor/lib/ssctractor
Installing path_subscriber script to /home/kim/ros2_ws/src/install/ssctractor/lib/ssctractor

Installed /home/kim/ros2_ws/src/build/ssctractor
running symlink_data
creating /home/kim/ros2_ws/src/install/ssctractor/share/ament_index
creating /home/kim/ros2_ws/src/install/ssctractor/share/ament_index/resource_index
creating /home/kim/ros2_ws/src/install/ssctractor/share/ament_index/resource_index/packages
symbolically linking /home/kim/ros2_ws/src/build/ssctractor/resource/ssctractor -> /home/kim/ros2_ws/src/install/ssctractor/share/ament_index/resource_index/packages
symbolically linking /home/kim/ros2_ws/src/build/ssctractor/package.xml -> /home/kim/ros2_ws/src/install/ssctractor/share/ssctractor
creating /home/kim/ros2_ws/src/install/ssctractor/share/ssctractor/launch
symbolically linking /home/kim/ros2_ws/src/build/ssctractor/launch/slam.launch.py -> /home/kim/ros2_ws/src/install/ssctractor/share/ssctractor/launch
symbolically linking /home/kim/ros2_ws/src/build/ssctractor/launch/robot_state_publisher.launch.py -> /home/kim/ros2_ws/src/install/ssctractor/share/ssctractor/launch
creating /home/kim/ros2_ws/src/install/ssctractor/share/ssctractor/urdf
symbolically linking /home/kim/ros2_ws/src/build/ssctractor/urdf/tractor_notgazebo.urdf -> /home/kim/ros2_ws/src/install/ssctractor/share/ssctractor/urdf
