[0.729s] Invoking command in '/home/kim/ros2_ws/src/build/ssctractor': PYTHONPATH=/home/kim/ros2_ws/src/build/ssctractor/prefix_override:/usr/lib/python3/dist-packages/colcon_core/task/python/colcon_distutils_commands:/home/kim/ros2_ws/src/install/ssctractor/lib/python3.10/site-packages:${PYTHONPATH} /usr/bin/python3 -W ignore:setup.py install is deprecated setup.py develop --editable --build-directory /home/kim/ros2_ws/src/build/ssctractor/build --no-deps symlink_data
[0.838s] /home/kim/.local/lib/python3.10/site-packages/setuptools/dist.py:476: SetuptoolsDeprecationWarning: Invalid dash-separated options
[0.838s] !!
[0.838s] 
[0.838s]         ********************************************************************************
[0.838s]         Usage of dash-separated 'script-dir' will not be supported in future
[0.838s]         versions. Please use the underscore name 'script_dir' instead.
[0.838s] 
[0.838s]         By 2024-Sep-26, you need to update your project and remove deprecated calls
[0.838s]         or your builds will no longer be supported.
[0.838s] 
[0.838s]         See https://setuptools.pypa.io/en/latest/userguide/declarative_config.html for details.
[0.838s]         ********************************************************************************
[0.838s] 
[0.838s] !!
[0.838s]   opt = self.warn_dash_deprecation(opt, section)
[0.979s] running develop
[0.980s] /home/kim/.local/lib/python3.10/site-packages/setuptools/command/develop.py:42: EasyInstallDeprecationWarning: easy_install command is deprecated.
[0.980s] !!
[0.980s] 
[0.980s]         ********************************************************************************
[0.980s]         Please avoid running ``setup.py`` and ``easy_install``.
[0.980s]         Instead, use pypa/build, pypa/installer or other
[0.980s]         standards-based tools.
[0.980s] 
[0.980s]         See https://github.com/pypa/setuptools/issues/917 for details.
[0.980s]         ********************************************************************************
[0.980s] 
[0.980s] !!
[0.980s]   easy_install.initialize_options(self)
[1.133s] running egg_info
[1.133s] creating ssctractor.egg-info
[1.145s] writing ssctractor.egg-info/PKG-INFO
[1.146s] writing dependency_links to ssctractor.egg-info/dependency_links.txt
[1.146s] writing entry points to ssctractor.egg-info/entry_points.txt
[1.146s] writing requirements to ssctractor.egg-info/requires.txt
[1.146s] writing top-level names to ssctractor.egg-info/top_level.txt
[1.146s] writing manifest file 'ssctractor.egg-info/SOURCES.txt'
[1.174s] reading manifest file 'ssctractor.egg-info/SOURCES.txt'
[1.175s] writing manifest file 'ssctractor.egg-info/SOURCES.txt'
[1.187s] running build_ext
[1.187s] Creating /home/kim/ros2_ws/src/install/ssctractor/lib/python3.10/site-packages/ssctractor.egg-link (link to .)
[1.187s] Installing odom_publisher script to /home/kim/ros2_ws/src/install/ssctractor/lib/ssctractor
[1.188s] Installing path_subscriber script to /home/kim/ros2_ws/src/install/ssctractor/lib/ssctractor
[1.188s] 
[1.188s] Installed /home/kim/ros2_ws/src/build/ssctractor
[1.188s] running symlink_data
[1.188s] creating /home/kim/ros2_ws/src/install/ssctractor/share/ament_index
[1.188s] creating /home/kim/ros2_ws/src/install/ssctractor/share/ament_index/resource_index
[1.188s] creating /home/kim/ros2_ws/src/install/ssctractor/share/ament_index/resource_index/packages
[1.188s] symbolically linking /home/kim/ros2_ws/src/build/ssctractor/resource/ssctractor -> /home/kim/ros2_ws/src/install/ssctractor/share/ament_index/resource_index/packages
[1.188s] symbolically linking /home/kim/ros2_ws/src/build/ssctractor/package.xml -> /home/kim/ros2_ws/src/install/ssctractor/share/ssctractor
[1.189s] creating /home/kim/ros2_ws/src/install/ssctractor/share/ssctractor/launch
[1.189s] symbolically linking /home/kim/ros2_ws/src/build/ssctractor/launch/slam.launch.py -> /home/kim/ros2_ws/src/install/ssctractor/share/ssctractor/launch
[1.189s] symbolically linking /home/kim/ros2_ws/src/build/ssctractor/launch/robot_state_publisher.launch.py -> /home/kim/ros2_ws/src/install/ssctractor/share/ssctractor/launch
[1.189s] creating /home/kim/ros2_ws/src/install/ssctractor/share/ssctractor/urdf
[1.189s] symbolically linking /home/kim/ros2_ws/src/build/ssctractor/urdf/tractor_notgazebo.urdf -> /home/kim/ros2_ws/src/install/ssctractor/share/ssctractor/urdf
[1.215s] Invoked command in '/home/kim/ros2_ws/src/build/ssctractor' returned '0': PYTHONPATH=/home/kim/ros2_ws/src/build/ssctractor/prefix_override:/usr/lib/python3/dist-packages/colcon_core/task/python/colcon_distutils_commands:/home/kim/ros2_ws/src/install/ssctractor/lib/python3.10/site-packages:${PYTHONPATH} /usr/bin/python3 -W ignore:setup.py install is deprecated setup.py develop --editable --build-directory /home/kim/ros2_ws/src/build/ssctractor/build --no-deps symlink_data
