[0.528s] Invoking command in '/home/kim/ros2_ws/src/build/ssctractor': PYTHONPATH=/home/kim/ros2_ws/src/build/ssctractor/prefix_override:/usr/lib/python3/dist-packages/colcon_core/task/python/colcon_distutils_commands:/home/kim/ros2_ws/src/install/ssctractor/lib/python3.10/site-packages:${PYTHONPATH} /usr/bin/python3 -W ignore:setup.py install is deprecated setup.py develop --editable --build-directory /home/kim/ros2_ws/src/build/ssctractor/build --no-deps symlink_data
[0.612s] /home/kim/.local/lib/python3.10/site-packages/setuptools/dist.py:476: SetuptoolsDeprecationWarning: Invalid dash-separated options
[0.612s] !!
[0.612s] 
[0.612s]         ********************************************************************************
[0.612s]         Usage of dash-separated 'script-dir' will not be supported in future
[0.612s]         versions. Please use the underscore name 'script_dir' instead.
[0.612s] 
[0.612s]         By 2024-Sep-26, you need to update your project and remove deprecated calls
[0.612s]         or your builds will no longer be supported.
[0.612s] 
[0.612s]         See https://setuptools.pypa.io/en/latest/userguide/declarative_config.html for details.
[0.612s]         ********************************************************************************
[0.612s] 
[0.612s] !!
[0.612s]   opt = self.warn_dash_deprecation(opt, section)
[0.731s] running develop
[0.731s] /home/kim/.local/lib/python3.10/site-packages/setuptools/command/develop.py:42: EasyInstallDeprecationWarning: easy_install command is deprecated.
[0.731s] !!
[0.732s] 
[0.732s]         ********************************************************************************
[0.732s]         Please avoid running ``setup.py`` and ``easy_install``.
[0.732s]         Instead, use pypa/build, pypa/installer or other
[0.732s]         standards-based tools.
[0.732s] 
[0.732s]         See https://github.com/pypa/setuptools/issues/917 for details.
[0.732s]         ********************************************************************************
[0.732s] 
[0.732s] !!
[0.732s]   easy_install.initialize_options(self)
[0.869s] running egg_info
[0.878s] writing ssctractor.egg-info/PKG-INFO
[0.879s] writing dependency_links to ssctractor.egg-info/dependency_links.txt
[0.879s] writing entry points to ssctractor.egg-info/entry_points.txt
[0.879s] writing requirements to ssctractor.egg-info/requires.txt
[0.879s] writing top-level names to ssctractor.egg-info/top_level.txt
[0.899s] reading manifest file 'ssctractor.egg-info/SOURCES.txt'
[0.900s] writing manifest file 'ssctractor.egg-info/SOURCES.txt'
[0.910s] running build_ext
[0.910s] Creating /home/kim/ros2_ws/src/install/ssctractor/lib/python3.10/site-packages/ssctractor.egg-link (link to .)
[0.911s] Installing odom_publisher script to /home/kim/ros2_ws/src/install/ssctractor/lib/ssctractor
[0.911s] Installing path_subscriber script to /home/kim/ros2_ws/src/install/ssctractor/lib/ssctractor
[0.911s] 
[0.911s] Installed /home/kim/ros2_ws/src/build/ssctractor
[0.911s] running symlink_data
[0.932s] Invoked command in '/home/kim/ros2_ws/src/build/ssctractor' returned '0': PYTHONPATH=/home/kim/ros2_ws/src/build/ssctractor/prefix_override:/usr/lib/python3/dist-packages/colcon_core/task/python/colcon_distutils_commands:/home/kim/ros2_ws/src/install/ssctractor/lib/python3.10/site-packages:${PYTHONPATH} /usr/bin/python3 -W ignore:setup.py install is deprecated setup.py develop --editable --build-directory /home/kim/ros2_ws/src/build/ssctractor/build --no-deps symlink_data
